<?xml version="1.0" encoding="UTF-8"?>
<testsuite xmlns:xsi="http://www.w3.org/2001/XMLSchema-instance" xsi:noNamespaceSchemaLocation="https://maven.apache.org/surefire/maven-surefire-plugin/xsd/surefire-test-report.xsd" version="3.0.2" name="order.management.reference.service.ReferenceServiceApplicationTests" time="7.057" tests="1" errors="0" skipped="0" failures="0" flakes="0">
  <properties>
[...]
</properties>
  <testcase name="contextLoads" classname="order.management.reference.service.ReferenceServiceApplicationTests" time="1.936">
    <system-out><![CDATA[12:03:38.098 [main] INFO org.springframework.test.context.support.AnnotationConfigContextLoaderUtils -- Could not detect default configuration classes for test class [order.management.reference.service.ReferenceServiceApplicationTests]: ReferenceServiceApplicationTests does not declare any static, non-private, non-final, nested classes annotated with @Configuration.
12:03:38.270 [main] INFO org.springframework.boot.test.context.SpringBootTestContextBootstrapper -- Found @SpringBootConfiguration order.management.reference.service.ReferenceServiceApplication for test class order.management.reference.service.ReferenceServiceApplicationTests
12:03:38.419 [main] INFO org.springframework.test.context.support.AnnotationConfigContextLoaderUtils -- Could not detect default configuration classes for test class [order.management.reference.service.ReferenceServiceApplicationTests]: ReferenceServiceApplicationTests does not declare any static, non-private, non-final, nested classes annotated with @Configuration.
12:03:38.419 [main] INFO org.springframework.boot.test.context.SpringBootTestContextBootstrapper -- Found @SpringBootConfiguration order.management.reference.service.ReferenceServiceApplication for test class order.management.reference.service.ReferenceServiceApplicationTests

  .   ____          _            __ _ _
 /\\ / ___'_ __ _ _(_)_ __  __ _ \ \ \ \
( ( )\___ | '_ | '_| | '_ \/ _` | \ \ \ \
 \\/  ___)| |_)| | | | | || (_| |  ) ) ) )
  '  |____| .__|_| |_|_| |_\__, | / / / /
 =========|_|==============|___/=/_/_/_/

 :: Spring Boot ::                (v4.0.6)

2026-05-07T12:03:39.045+05:30  INFO 7560 --- [reference-service] [           main] o.m.r.s.ReferenceServiceApplicationTests : Starting ReferenceServiceApplicationTests using Java 21.0.11 with PID 7560 (started by HP in D:\Naveen\assignment\reference-service)
2026-05-07T12:03:39.048+05:30  INFO 7560 --- [reference-service] [           main] o.m.r.s.ReferenceServiceApplicationTests : No active profile set, falling back to 1 default profile: "default"
2026-05-07T12:03:41.362+05:30  INFO 7560 --- [reference-service] [pool-3-thread-1] com.zaxxer.hikari.HikariDataSource       : HikariPool-1 - Starting...
2026-05-07T12:03:42.790+05:30  INFO 7560 --- [reference-service] [           main] o.m.r.s.ReferenceServiceApplicationTests : Started ReferenceServiceApplicationTests in 4.237 seconds (process running for 6.272)
2026-05-07T12:03:42.978+05:30  INFO 7560 --- [reference-service] [pool-3-thread-1] com.zaxxer.hikari.pool.HikariPool        : HikariPool-1 - Added connection com.mysql.cj.jdbc.ConnectionImpl@3362c633
2026-05-07T12:03:42.984+05:30  INFO 7560 --- [reference-service] [pool-3-thread-1] com.zaxxer.hikari.HikariDataSource       : HikariPool-1 - Start completed.
]]></system-out>
    <system-err><![CDATA[Mockito is currently self-attaching to enable the inline-mock-maker. This will no longer work in future releases of the JDK. Please add Mockito as an agent to your build as described in Mockito's documentation: https://javadoc.io/doc/org.mockito/mockito-core/latest/org.mockito/org/mockito/Mockito.html#0.3
WARNING: A Java agent has been loaded dynamically (C:\Users\HP\.m2\repository\net\bytebuddy\byte-buddy-agent\1.17.8\byte-buddy-agent-1.17.8.jar)
WARNING: If a serviceability tool is in use, please run with -XX:+EnableDynamicAgentLoading to hide this warning
WARNING: If a serviceability tool is not in use, please run with -Djdk.instrument.traceUsage for more information
WARNING: Dynamic loading of agents will be disallowed by default in a future release
]]></system-err>
  </testcase>
</testsuite>